

Microchip Technology PIC LITE Macro Assembler V2.00 build -1524193055 
                                                                                               Thu Feb 18 14:59:58 2021

Microchip Technology Omniscient Code Generator v2.00 (Free mode) build 20180527130849
     1  0000                     
      + 0000                     
     2                           ; Version 2.00
     3                           ; Generated 27/05/2018 GMT
     4                           
     5                           ; 
     6                           ; Copyright © 2018, Microchip Technology Inc. and its subsidiaries ("Microchip")
     7                           ; All rights reserved.
     8                           ; 
     9                           ; This software is developed by Microchip Technology Inc. and its subsidiaries ("Microch
                                 ip").
    10                           ; 
    11                           ; Redistribution and use in source and binary forms, with or without modification, are
    12                           ; permitted provided that the following conditions are met:
    13                           ; 
    14                           ;     1. Redistributions of source code must retain the above copyright notice, this lis
                                 t of
    15                           ;        conditions and the following disclaimer.
    16                           ; 
    17                           ;     2. Redistributions in binary form must reproduce the above copyright notice, this 
                                 list
    18                           ;        of conditions and the following disclaimer in the documentation and/or other
    19                           ;        materials provided with the distribution.
    20                           ; 
    21                           ;     3. Microchip's name may not be used to endorse or promote products derived from th
                                 is
    22                           ;        software without specific prior written permission.
    23                           ; 
    24                           ; THIS SOFTWARE IS PROVIDED BY MICROCHIP "AS IS" AND ANY EXPRESS OR IMPLIED WARRANTIES,

    25                           ; INCLUDING, BUT NOT LIMITED TO, THE IMPLIED WARRANTIES OF MERCHANTABILITY AND FITNESS F
                                 OR
    26                           ; PURPOSE ARE DISCLAIMED.  IN NO EVENT SHALL MICROCHIP BE LIABLE FOR ANY DIRECT, INDIREC
                                 T,
    27                           ; INCIDENTAL, SPECIAL, EXEMPLARY, OR CONSEQUENTIAL DAMAGES (INCLUDING BUT NOT LIMITED TO
                                 
    28                           ; PROCUREMENT OF SUBSTITUTE GOODS OR SERVICES; LOSS OF USE, DATA OR PROFITS; OR BUSINESS
                                 
    29                           ; INTERRUPTION) HOWSOEVER CAUSED AND ON ANY THEORY OF LIABILITY, WHETHER IN CONTRACT, ST
                                 RICT
    30                           ; LIABILITY, OR TORT (INCLUDING NEGLIGENCE OR OTHERWISE) ARISING IN ANY WAY OUT OF THE U
                                 SE OF
    31                           ; THIS SOFTWARE, EVEN IF ADVISED OF THE POSSIBILITY OF SUCH DAMAGE.
    32                           ; 
    33                           
    34                           
    35                           ; 
    36                           ; Code-generator required, PIC16F887 Definitions
    37                           ; 
    38  0004                     fsr0 equ 04h
    39  0004                     indf equ 00h
    40  0000                     indf0 equ 00h
    41  0000                     pc equ 02h
    42  0002                     pcl equ 02h
    43  0002                     pclath equ 0Ah
    44  000A                     status equ 03h
    45  0003                     
     2                           opt pagewidth 120
     3  0000                     byte0	macro	val
     4                           	(getbyte(val,0))
     5                           endm
     6  0000                     byte1	macro	val
     7                           	(getbyte(val,1))
     8                           endm
     9  0000                     byte2	macro	val
    10                           	(getbyte(val,2))
    11                           endm
    12  0000                     byte3	macro	val
    13                           	(getbyte(val,3))
    14                           endm
    15  0000                     byte4	macro	val
    16                           	(getbyte(val,4))
    17                           endm
    18  0000                     byte5	macro	val
    19                           	(getbyte(val,5))
    20                           endm
    21  0000                     byte6	macro	val
    22                           	(getbyte(val,6))
    23                           endm
    24  0000                     byte7	macro	val
    25                           	(getbyte(val,7))
    26                           endm
    27  0000                     getword	macro	val,pos
    28                           	(((val) >> (8 * pos)) and 0xffff)
    29                           endm
    30  0000                     word0	macro	val
    31                           	(getword(val,0))
    32                           endm
    33  0000                     word1	macro	val
    34                           	(getword(val,2))
    35                           endm
    36  0000                     word2	macro	val
    37                           	(getword(val,4))
    38                           endm
    39  0000                     word3	macro	val
    40                           	(getword(val,6))
    41                           endm
    42  0000                     gettword	macro	val,pos
    43                           	(((val) >> (8 * pos)) and 0xffffff)
    44                           endm
    45  0000                     tword0	macro	val
    46                           	(gettword(val,0))
    47                           endm
    48  0000                     tword1	macro	val
    49                           	(gettword(val,3))
    50                           endm
    51  0000                     tword2	macro	val
    52                           	(gettword(val,6))
    53                           endm
    54  0000                     getdword	macro	val,pos
    55                           	(((val) >> (8 * pos)) and 0xffffffff)
    56                           endm
    57  0000                     dword0	macro	val
    58                           	(getdword(val,0))
    59                           endm
    60  0000                     dword1	macro	val
    61                           	(getdword(val,4))
    62                           endm
    63  0000                     clrc	macro
    64                           	bcf	3,0
    65                           	endm
    66  0000                     clrz	macro
    67                           	bcf	3,2
    68                           	endm
    69  0000                     setc	macro
    70                           	bsf	3,0
    71                           	endm
    72  0000                     setz	macro
    73                           	bsf	3,2
    74                           	endm
    75  0000                     skipc	macro
    76                           	btfss	3,0
    77                           	endm
    78  0000                     skipz	macro
    79                           	btfss	3,2
    80                           	endm
    81  0000                     skipnc	macro
    82                           	btfsc	3,0
    83                           	endm
    84  0000                     skipnz	macro
    85                           	btfsc	3,2
    86                           	endm
    87  0000                     # 54 "C:\Program Files (x86)\Microchip\xc8\v2.00\pic\include\pic16f887.h"
    88                           INDF equ 00h ;# 
    89  0000                     # 61 "C:\Program Files (x86)\Microchip\xc8\v2.00\pic\include\pic16f887.h"
    90                           TMR0 equ 01h ;# 
    91  0001                     # 68 "C:\Program Files (x86)\Microchip\xc8\v2.00\pic\include\pic16f887.h"
    92                           PCL equ 02h ;# 
    93  0002                     # 75 "C:\Program Files (x86)\Microchip\xc8\v2.00\pic\include\pic16f887.h"
    94                           STATUS equ 03h ;# 
    95  0003                     # 161 "C:\Program Files (x86)\Microchip\xc8\v2.00\pic\include\pic16f887.h"
    96                           FSR equ 04h ;# 
    97  0004                     # 168 "C:\Program Files (x86)\Microchip\xc8\v2.00\pic\include\pic16f887.h"
    98                           PORTA equ 05h ;# 
    99  0005                     # 230 "C:\Program Files (x86)\Microchip\xc8\v2.00\pic\include\pic16f887.h"
   100                           PORTB equ 06h ;# 
   101  0006                     # 292 "C:\Program Files (x86)\Microchip\xc8\v2.00\pic\include\pic16f887.h"
   102                           PORTC equ 07h ;# 
   103  0007                     # 354 "C:\Program Files (x86)\Microchip\xc8\v2.00\pic\include\pic16f887.h"
   104                           PORTD equ 08h ;# 
   105  0008                     # 416 "C:\Program Files (x86)\Microchip\xc8\v2.00\pic\include\pic16f887.h"
   106                           PORTE equ 09h ;# 
   107  0009                     # 454 "C:\Program Files (x86)\Microchip\xc8\v2.00\pic\include\pic16f887.h"
   108                           PCLATH equ 0Ah ;# 
   109  000A                     # 461 "C:\Program Files (x86)\Microchip\xc8\v2.00\pic\include\pic16f887.h"
   110                           INTCON equ 0Bh ;# 
   111  000B                     # 539 "C:\Program Files (x86)\Microchip\xc8\v2.00\pic\include\pic16f887.h"
   112                           PIR1 equ 0Ch ;# 
   113  000C                     # 595 "C:\Program Files (x86)\Microchip\xc8\v2.00\pic\include\pic16f887.h"
   114                           PIR2 equ 0Dh ;# 
   115  000D                     # 652 "C:\Program Files (x86)\Microchip\xc8\v2.00\pic\include\pic16f887.h"
   116                           TMR1 equ 0Eh ;# 
   117  000E                     # 659 "C:\Program Files (x86)\Microchip\xc8\v2.00\pic\include\pic16f887.h"
   118                           TMR1L equ 0Eh ;# 
   119  000E                     # 666 "C:\Program Files (x86)\Microchip\xc8\v2.00\pic\include\pic16f887.h"
   120                           TMR1H equ 0Fh ;# 
   121  000F                     # 673 "C:\Program Files (x86)\Microchip\xc8\v2.00\pic\include\pic16f887.h"
   122                           T1CON equ 010h ;# 
   123  0010                     # 767 "C:\Program Files (x86)\Microchip\xc8\v2.00\pic\include\pic16f887.h"
   124                           TMR2 equ 011h ;# 
   125  0011                     # 774 "C:\Program Files (x86)\Microchip\xc8\v2.00\pic\include\pic16f887.h"
   126                           T2CON equ 012h ;# 
   127  0012                     # 845 "C:\Program Files (x86)\Microchip\xc8\v2.00\pic\include\pic16f887.h"
   128                           SSPBUF equ 013h ;# 
   129  0013                     # 852 "C:\Program Files (x86)\Microchip\xc8\v2.00\pic\include\pic16f887.h"
   130                           SSPCON equ 014h ;# 
   131  0014                     # 922 "C:\Program Files (x86)\Microchip\xc8\v2.00\pic\include\pic16f887.h"
   132                           CCPR1 equ 015h ;# 
   133  0015                     # 929 "C:\Program Files (x86)\Microchip\xc8\v2.00\pic\include\pic16f887.h"
   134                           CCPR1L equ 015h ;# 
   135  0015                     # 936 "C:\Program Files (x86)\Microchip\xc8\v2.00\pic\include\pic16f887.h"
   136                           CCPR1H equ 016h ;# 
   137  0016                     # 943 "C:\Program Files (x86)\Microchip\xc8\v2.00\pic\include\pic16f887.h"
   138                           CCP1CON equ 017h ;# 
   139  0017                     # 1040 "C:\Program Files (x86)\Microchip\xc8\v2.00\pic\include\pic16f887.h"
   140                           RCSTA equ 018h ;# 
   141  0018                     # 1135 "C:\Program Files (x86)\Microchip\xc8\v2.00\pic\include\pic16f887.h"
   142                           TXREG equ 019h ;# 
   143  0019                     # 1142 "C:\Program Files (x86)\Microchip\xc8\v2.00\pic\include\pic16f887.h"
   144                           RCREG equ 01Ah ;# 
   145  001A                     # 1149 "C:\Program Files (x86)\Microchip\xc8\v2.00\pic\include\pic16f887.h"
   146                           CCPR2 equ 01Bh ;# 
   147  001B                     # 1156 "C:\Program Files (x86)\Microchip\xc8\v2.00\pic\include\pic16f887.h"
   148                           CCPR2L equ 01Bh ;# 
   149  001B                     # 1163 "C:\Program Files (x86)\Microchip\xc8\v2.00\pic\include\pic16f887.h"
   150                           CCPR2H equ 01Ch ;# 
   151  001C                     # 1170 "C:\Program Files (x86)\Microchip\xc8\v2.00\pic\include\pic16f887.h"
   152                           CCP2CON equ 01Dh ;# 
   153  001D                     # 1240 "C:\Program Files (x86)\Microchip\xc8\v2.00\pic\include\pic16f887.h"
   154                           ADRESH equ 01Eh ;# 
   155  001E                     # 1247 "C:\Program Files (x86)\Microchip\xc8\v2.00\pic\include\pic16f887.h"
   156                           ADCON0 equ 01Fh ;# 
   157  001F                     # 1348 "C:\Program Files (x86)\Microchip\xc8\v2.00\pic\include\pic16f887.h"
   158                           OPTION_REG equ 081h ;# 
   159  0081                     # 1418 "C:\Program Files (x86)\Microchip\xc8\v2.00\pic\include\pic16f887.h"
   160                           TRISA equ 085h ;# 
   161  0085                     # 1480 "C:\Program Files (x86)\Microchip\xc8\v2.00\pic\include\pic16f887.h"
   162                           TRISB equ 086h ;# 
   163  0086                     # 1542 "C:\Program Files (x86)\Microchip\xc8\v2.00\pic\include\pic16f887.h"
   164                           TRISC equ 087h ;# 
   165  0087                     # 1604 "C:\Program Files (x86)\Microchip\xc8\v2.00\pic\include\pic16f887.h"
   166                           TRISD equ 088h ;# 
   167  0088                     # 1666 "C:\Program Files (x86)\Microchip\xc8\v2.00\pic\include\pic16f887.h"
   168                           TRISE equ 089h ;# 
   169  0089                     # 1704 "C:\Program Files (x86)\Microchip\xc8\v2.00\pic\include\pic16f887.h"
   170                           PIE1 equ 08Ch ;# 
   171  008C                     # 1760 "C:\Program Files (x86)\Microchip\xc8\v2.00\pic\include\pic16f887.h"
   172                           PIE2 equ 08Dh ;# 
   173  008D                     # 1817 "C:\Program Files (x86)\Microchip\xc8\v2.00\pic\include\pic16f887.h"
   174                           PCON equ 08Eh ;# 
   175  008E                     # 1864 "C:\Program Files (x86)\Microchip\xc8\v2.00\pic\include\pic16f887.h"
   176                           OSCCON equ 08Fh ;# 
   177  008F                     # 1929 "C:\Program Files (x86)\Microchip\xc8\v2.00\pic\include\pic16f887.h"
   178                           OSCTUNE equ 090h ;# 
   179  0090                     # 1981 "C:\Program Files (x86)\Microchip\xc8\v2.00\pic\include\pic16f887.h"
   180                           SSPCON2 equ 091h ;# 
   181  0091                     # 2043 "C:\Program Files (x86)\Microchip\xc8\v2.00\pic\include\pic16f887.h"
   182                           PR2 equ 092h ;# 
   183  0092                     # 2050 "C:\Program Files (x86)\Microchip\xc8\v2.00\pic\include\pic16f887.h"
   184                           SSPADD equ 093h ;# 
   185  0093                     # 2057 "C:\Program Files (x86)\Microchip\xc8\v2.00\pic\include\pic16f887.h"
   186                           SSPMSK equ 093h ;# 
   187  0093                     # 2062 "C:\Program Files (x86)\Microchip\xc8\v2.00\pic\include\pic16f887.h"
   188                           MSK equ 093h ;# 
   189  0093                     # 2179 "C:\Program Files (x86)\Microchip\xc8\v2.00\pic\include\pic16f887.h"
   190                           SSPSTAT equ 094h ;# 
   191  0094                     # 2348 "C:\Program Files (x86)\Microchip\xc8\v2.00\pic\include\pic16f887.h"
   192                           WPUB equ 095h ;# 
   193  0095                     # 2418 "C:\Program Files (x86)\Microchip\xc8\v2.00\pic\include\pic16f887.h"
   194                           IOCB equ 096h ;# 
   195  0096                     # 2488 "C:\Program Files (x86)\Microchip\xc8\v2.00\pic\include\pic16f887.h"
   196                           VRCON equ 097h ;# 
   197  0097                     # 2558 "C:\Program Files (x86)\Microchip\xc8\v2.00\pic\include\pic16f887.h"
   198                           TXSTA equ 098h ;# 
   199  0098                     # 2644 "C:\Program Files (x86)\Microchip\xc8\v2.00\pic\include\pic16f887.h"
   200                           SPBRG equ 099h ;# 
   201  0099                     # 2706 "C:\Program Files (x86)\Microchip\xc8\v2.00\pic\include\pic16f887.h"
   202                           SPBRGH equ 09Ah ;# 
   203  009A                     # 2776 "C:\Program Files (x86)\Microchip\xc8\v2.00\pic\include\pic16f887.h"
   204                           PWM1CON equ 09Bh ;# 
   205  009B                     # 2846 "C:\Program Files (x86)\Microchip\xc8\v2.00\pic\include\pic16f887.h"
   206                           ECCPAS equ 09Ch ;# 
   207  009C                     # 2928 "C:\Program Files (x86)\Microchip\xc8\v2.00\pic\include\pic16f887.h"
   208                           PSTRCON equ 09Dh ;# 
   209  009D                     # 2972 "C:\Program Files (x86)\Microchip\xc8\v2.00\pic\include\pic16f887.h"
   210                           ADRESL equ 09Eh ;# 
   211  009E                     # 2979 "C:\Program Files (x86)\Microchip\xc8\v2.00\pic\include\pic16f887.h"
   212                           ADCON1 equ 09Fh ;# 
   213  009F                     # 3013 "C:\Program Files (x86)\Microchip\xc8\v2.00\pic\include\pic16f887.h"
   214                           WDTCON equ 0105h ;# 
   215  0105                     # 3066 "C:\Program Files (x86)\Microchip\xc8\v2.00\pic\include\pic16f887.h"
   216                           CM1CON0 equ 0107h ;# 
   217  0107                     # 3131 "C:\Program Files (x86)\Microchip\xc8\v2.00\pic\include\pic16f887.h"
   218                           CM2CON0 equ 0108h ;# 
   219  0108                     # 3196 "C:\Program Files (x86)\Microchip\xc8\v2.00\pic\include\pic16f887.h"
   220                           CM2CON1 equ 0109h ;# 
   221  0109                     # 3247 "C:\Program Files (x86)\Microchip\xc8\v2.00\pic\include\pic16f887.h"
   222                           EEDATA equ 010Ch ;# 
   223  010C                     # 3252 "C:\Program Files (x86)\Microchip\xc8\v2.00\pic\include\pic16f887.h"
   224                           EEDAT equ 010Ch ;# 
   225  010C                     # 3259 "C:\Program Files (x86)\Microchip\xc8\v2.00\pic\include\pic16f887.h"
   226                           EEADR equ 010Dh ;# 
   227  010D                     # 3266 "C:\Program Files (x86)\Microchip\xc8\v2.00\pic\include\pic16f887.h"
   228                           EEDATH equ 010Eh ;# 
   229  010E                     # 3273 "C:\Program Files (x86)\Microchip\xc8\v2.00\pic\include\pic16f887.h"
   230                           EEADRH equ 010Fh ;# 
   231  010F                     # 3280 "C:\Program Files (x86)\Microchip\xc8\v2.00\pic\include\pic16f887.h"
   232                           SRCON equ 0185h ;# 
   233  0185                     # 3337 "C:\Program Files (x86)\Microchip\xc8\v2.00\pic\include\pic16f887.h"
   234                           BAUDCTL equ 0187h ;# 
   235  0187                     # 3389 "C:\Program Files (x86)\Microchip\xc8\v2.00\pic\include\pic16f887.h"
   236                           ANSEL equ 0188h ;# 
   237  0188                     # 3451 "C:\Program Files (x86)\Microchip\xc8\v2.00\pic\include\pic16f887.h"
   238                           ANSELH equ 0189h ;# 
   239  0189                     # 3501 "C:\Program Files (x86)\Microchip\xc8\v2.00\pic\include\pic16f887.h"
   240                           EECON1 equ 018Ch ;# 
   241  018C                     # 3546 "C:\Program Files (x86)\Microchip\xc8\v2.00\pic\include\pic16f887.h"
   242                           EECON2 equ 018Dh ;# 
   243  018D                     # 54 "C:\Program Files (x86)\Microchip\xc8\v2.00\pic\include\pic16f887.h"
   244                           INDF equ 00h ;# 
   245  0000                     # 61 "C:\Program Files (x86)\Microchip\xc8\v2.00\pic\include\pic16f887.h"
   246                           TMR0 equ 01h ;# 
   247  0001                     # 68 "C:\Program Files (x86)\Microchip\xc8\v2.00\pic\include\pic16f887.h"
   248                           PCL equ 02h ;# 
   249  0002                     # 75 "C:\Program Files (x86)\Microchip\xc8\v2.00\pic\include\pic16f887.h"
   250                           STATUS equ 03h ;# 
   251  0003                     # 161 "C:\Program Files (x86)\Microchip\xc8\v2.00\pic\include\pic16f887.h"
   252                           FSR equ 04h ;# 
   253  0004                     # 168 "C:\Program Files (x86)\Microchip\xc8\v2.00\pic\include\pic16f887.h"
   254                           PORTA equ 05h ;# 
   255  0005                     # 230 "C:\Program Files (x86)\Microchip\xc8\v2.00\pic\include\pic16f887.h"
   256                           PORTB equ 06h ;# 
   257  0006                     # 292 "C:\Program Files (x86)\Microchip\xc8\v2.00\pic\include\pic16f887.h"
   258                           PORTC equ 07h ;# 
   259  0007                     # 354 "C:\Program Files (x86)\Microchip\xc8\v2.00\pic\include\pic16f887.h"
   260                           PORTD equ 08h ;# 
   261  0008                     # 416 "C:\Program Files (x86)\Microchip\xc8\v2.00\pic\include\pic16f887.h"
   262                           PORTE equ 09h ;# 
   263  0009                     # 454 "C:\Program Files (x86)\Microchip\xc8\v2.00\pic\include\pic16f887.h"
   264                           PCLATH equ 0Ah ;# 
   265  000A                     # 461 "C:\Program Files (x86)\Microchip\xc8\v2.00\pic\include\pic16f887.h"
   266                           INTCON equ 0Bh ;# 
   267  000B                     # 539 "C:\Program Files (x86)\Microchip\xc8\v2.00\pic\include\pic16f887.h"
   268                           PIR1 equ 0Ch ;# 
   269  000C                     # 595 "C:\Program Files (x86)\Microchip\xc8\v2.00\pic\include\pic16f887.h"
   270                           PIR2 equ 0Dh ;# 
   271  000D                     # 652 "C:\Program Files (x86)\Microchip\xc8\v2.00\pic\include\pic16f887.h"
   272                           TMR1 equ 0Eh ;# 
   273  000E                     # 659 "C:\Program Files (x86)\Microchip\xc8\v2.00\pic\include\pic16f887.h"
   274                           TMR1L equ 0Eh ;# 
   275  000E                     # 666 "C:\Program Files (x86)\Microchip\xc8\v2.00\pic\include\pic16f887.h"
   276                           TMR1H equ 0Fh ;# 
   277  000F                     # 673 "C:\Program Files (x86)\Microchip\xc8\v2.00\pic\include\pic16f887.h"
   278                           T1CON equ 010h ;# 
   279  0010                     # 767 "C:\Program Files (x86)\Microchip\xc8\v2.00\pic\include\pic16f887.h"
   280                           TMR2 equ 011h ;# 
   281  0011                     # 774 "C:\Program Files (x86)\Microchip\xc8\v2.00\pic\include\pic16f887.h"
   282                           T2CON equ 012h ;# 
   283  0012                     # 845 "C:\Program Files (x86)\Microchip\xc8\v2.00\pic\include\pic16f887.h"
   284                           SSPBUF equ 013h ;# 
   285  0013                     # 852 "C:\Program Files (x86)\Microchip\xc8\v2.00\pic\include\pic16f887.h"
   286                           SSPCON equ 014h ;# 
   287  0014                     # 922 "C:\Program Files (x86)\Microchip\xc8\v2.00\pic\include\pic16f887.h"
   288                           CCPR1 equ 015h ;# 
   289  0015                     # 929 "C:\Program Files (x86)\Microchip\xc8\v2.00\pic\include\pic16f887.h"
   290                           CCPR1L equ 015h ;# 
   291  0015                     # 936 "C:\Program Files (x86)\Microchip\xc8\v2.00\pic\include\pic16f887.h"
   292                           CCPR1H equ 016h ;# 
   293  0016                     # 943 "C:\Program Files (x86)\Microchip\xc8\v2.00\pic\include\pic16f887.h"
   294                           CCP1CON equ 017h ;# 
   295  0017                     # 1040 "C:\Program Files (x86)\Microchip\xc8\v2.00\pic\include\pic16f887.h"
   296                           RCSTA equ 018h ;# 
   297  0018                     # 1135 "C:\Program Files (x86)\Microchip\xc8\v2.00\pic\include\pic16f887.h"
   298                           TXREG equ 019h ;# 
   299  0019                     # 1142 "C:\Program Files (x86)\Microchip\xc8\v2.00\pic\include\pic16f887.h"
   300                           RCREG equ 01Ah ;# 
   301  001A                     # 1149 "C:\Program Files (x86)\Microchip\xc8\v2.00\pic\include\pic16f887.h"
   302                           CCPR2 equ 01Bh ;# 
   303  001B                     # 1156 "C:\Program Files (x86)\Microchip\xc8\v2.00\pic\include\pic16f887.h"
   304                           CCPR2L equ 01Bh ;# 
   305  001B                     # 1163 "C:\Program Files (x86)\Microchip\xc8\v2.00\pic\include\pic16f887.h"
   306                           CCPR2H equ 01Ch ;# 
   307  001C                     # 1170 "C:\Program Files (x86)\Microchip\xc8\v2.00\pic\include\pic16f887.h"
   308                           CCP2CON equ 01Dh ;# 
   309  001D                     # 1240 "C:\Program Files (x86)\Microchip\xc8\v2.00\pic\include\pic16f887.h"
   310                           ADRESH equ 01Eh ;# 
   311  001E                     # 1247 "C:\Program Files (x86)\Microchip\xc8\v2.00\pic\include\pic16f887.h"
   312                           ADCON0 equ 01Fh ;# 
   313  001F                     # 1348 "C:\Program Files (x86)\Microchip\xc8\v2.00\pic\include\pic16f887.h"
   314                           OPTION_REG equ 081h ;# 
   315  0081                     # 1418 "C:\Program Files (x86)\Microchip\xc8\v2.00\pic\include\pic16f887.h"
   316                           TRISA equ 085h ;# 
   317  0085                     # 1480 "C:\Program Files (x86)\Microchip\xc8\v2.00\pic\include\pic16f887.h"
   318                           TRISB equ 086h ;# 
   319  0086                     # 1542 "C:\Program Files (x86)\Microchip\xc8\v2.00\pic\include\pic16f887.h"
   320                           TRISC equ 087h ;# 
   321  0087                     # 1604 "C:\Program Files (x86)\Microchip\xc8\v2.00\pic\include\pic16f887.h"
   322                           TRISD equ 088h ;# 
   323  0088                     # 1666 "C:\Program Files (x86)\Microchip\xc8\v2.00\pic\include\pic16f887.h"
   324                           TRISE equ 089h ;# 
   325  0089                     # 1704 "C:\Program Files (x86)\Microchip\xc8\v2.00\pic\include\pic16f887.h"
   326                           PIE1 equ 08Ch ;# 
   327  008C                     # 1760 "C:\Program Files (x86)\Microchip\xc8\v2.00\pic\include\pic16f887.h"
   328                           PIE2 equ 08Dh ;# 
   329  008D                     # 1817 "C:\Program Files (x86)\Microchip\xc8\v2.00\pic\include\pic16f887.h"
   330                           PCON equ 08Eh ;# 
   331  008E                     # 1864 "C:\Program Files (x86)\Microchip\xc8\v2.00\pic\include\pic16f887.h"
   332                           OSCCON equ 08Fh ;# 
   333  008F                     # 1929 "C:\Program Files (x86)\Microchip\xc8\v2.00\pic\include\pic16f887.h"
   334                           OSCTUNE equ 090h ;# 
   335  0090                     # 1981 "C:\Program Files (x86)\Microchip\xc8\v2.00\pic\include\pic16f887.h"
   336                           SSPCON2 equ 091h ;# 
   337  0091                     # 2043 "C:\Program Files (x86)\Microchip\xc8\v2.00\pic\include\pic16f887.h"
   338                           PR2 equ 092h ;# 
   339  0092                     # 2050 "C:\Program Files (x86)\Microchip\xc8\v2.00\pic\include\pic16f887.h"
   340                           SSPADD equ 093h ;# 
   341  0093                     # 2057 "C:\Program Files (x86)\Microchip\xc8\v2.00\pic\include\pic16f887.h"
   342                           SSPMSK equ 093h ;# 
   343  0093                     # 2062 "C:\Program Files (x86)\Microchip\xc8\v2.00\pic\include\pic16f887.h"
   344                           MSK equ 093h ;# 
   345  0093                     # 2179 "C:\Program Files (x86)\Microchip\xc8\v2.00\pic\include\pic16f887.h"
   346                           SSPSTAT equ 094h ;# 
   347  0094                     # 2348 "C:\Program Files (x86)\Microchip\xc8\v2.00\pic\include\pic16f887.h"
   348                           WPUB equ 095h ;# 
   349  0095                     # 2418 "C:\Program Files (x86)\Microchip\xc8\v2.00\pic\include\pic16f887.h"
   350                           IOCB equ 096h ;# 
   351  0096                     # 2488 "C:\Program Files (x86)\Microchip\xc8\v2.00\pic\include\pic16f887.h"
   352                           VRCON equ 097h ;# 
   353  0097                     # 2558 "C:\Program Files (x86)\Microchip\xc8\v2.00\pic\include\pic16f887.h"
   354                           TXSTA equ 098h ;# 
   355  0098                     # 2644 "C:\Program Files (x86)\Microchip\xc8\v2.00\pic\include\pic16f887.h"
   356                           SPBRG equ 099h ;# 
   357  0099                     # 2706 "C:\Program Files (x86)\Microchip\xc8\v2.00\pic\include\pic16f887.h"
   358                           SPBRGH equ 09Ah ;# 
   359  009A                     # 2776 "C:\Program Files (x86)\Microchip\xc8\v2.00\pic\include\pic16f887.h"
   360                           PWM1CON equ 09Bh ;# 
   361  009B                     # 2846 "C:\Program Files (x86)\Microchip\xc8\v2.00\pic\include\pic16f887.h"
   362                           ECCPAS equ 09Ch ;# 
   363  009C                     # 2928 "C:\Program Files (x86)\Microchip\xc8\v2.00\pic\include\pic16f887.h"
   364                           PSTRCON equ 09Dh ;# 
   365  009D                     # 2972 "C:\Program Files (x86)\Microchip\xc8\v2.00\pic\include\pic16f887.h"
   366                           ADRESL equ 09Eh ;# 
   367  009E                     # 2979 "C:\Program Files (x86)\Microchip\xc8\v2.00\pic\include\pic16f887.h"
   368                           ADCON1 equ 09Fh ;# 
   369  009F                     # 3013 "C:\Program Files (x86)\Microchip\xc8\v2.00\pic\include\pic16f887.h"
   370                           WDTCON equ 0105h ;# 
   371  0105                     # 3066 "C:\Program Files (x86)\Microchip\xc8\v2.00\pic\include\pic16f887.h"
   372                           CM1CON0 equ 0107h ;# 
   373  0107                     # 3131 "C:\Program Files (x86)\Microchip\xc8\v2.00\pic\include\pic16f887.h"
   374                           CM2CON0 equ 0108h ;# 
   375  0108                     # 3196 "C:\Program Files (x86)\Microchip\xc8\v2.00\pic\include\pic16f887.h"
   376                           CM2CON1 equ 0109h ;# 
   377  0109                     # 3247 "C:\Program Files (x86)\Microchip\xc8\v2.00\pic\include\pic16f887.h"
   378                           EEDATA equ 010Ch ;# 
   379  010C                     # 3252 "C:\Program Files (x86)\Microchip\xc8\v2.00\pic\include\pic16f887.h"
   380                           EEDAT equ 010Ch ;# 
   381  010C                     # 3259 "C:\Program Files (x86)\Microchip\xc8\v2.00\pic\include\pic16f887.h"
   382                           EEADR equ 010Dh ;# 
   383  010D                     # 3266 "C:\Program Files (x86)\Microchip\xc8\v2.00\pic\include\pic16f887.h"
   384                           EEDATH equ 010Eh ;# 
   385  010E                     # 3273 "C:\Program Files (x86)\Microchip\xc8\v2.00\pic\include\pic16f887.h"
   386                           EEADRH equ 010Fh ;# 
   387  010F                     # 3280 "C:\Program Files (x86)\Microchip\xc8\v2.00\pic\include\pic16f887.h"
   388                           SRCON equ 0185h ;# 
   389  0185                     # 3337 "C:\Program Files (x86)\Microchip\xc8\v2.00\pic\include\pic16f887.h"
   390                           BAUDCTL equ 0187h ;# 
   391  0187                     # 3389 "C:\Program Files (x86)\Microchip\xc8\v2.00\pic\include\pic16f887.h"
   392                           ANSEL equ 0188h ;# 
   393  0188                     # 3451 "C:\Program Files (x86)\Microchip\xc8\v2.00\pic\include\pic16f887.h"
   394                           ANSELH equ 0189h ;# 
   395  0189                     # 3501 "C:\Program Files (x86)\Microchip\xc8\v2.00\pic\include\pic16f887.h"
   396                           EECON1 equ 018Ch ;# 
   397  018C                     # 3546 "C:\Program Files (x86)\Microchip\xc8\v2.00\pic\include\pic16f887.h"
   398                           EECON2 equ 018Dh ;# 
   399  018D                     	FNCALL	_main,_botao_init
   400                           	FNCALL	_main,_contatores_init
   401                           	FNCALL	_main,_delay
   402                           	FNCALL	_main,_k1
   403                           	FNCALL	_main,_k2
   404                           	FNCALL	_main,_k3
   405                           	FNCALL	_main,_lerk1
   406                           	FNCALL	_main,_s0
   407                           	FNCALL	_main,_s1
   408                           	FNROOT	_main
   409                           	global	_PORTDbits
   410                           _PORTDbits	set	0x8
   411  0008                     	global	_TRISDbits
   412                           _TRISDbits	set	0x88
   413  0088                     ; #config settings
   414                           global __CFG_FOSC$INTRC_NOCLKOUT
   415                           __CFG_FOSC$INTRC_NOCLKOUT equ 0x0
   416  0000                     global __CFG_WDTE$OFF
   417                           __CFG_WDTE$OFF equ 0x0
   418  0000                     global __CFG_PWRTE$OFF
   419                           __CFG_PWRTE$OFF equ 0x0
   420  0000                     global __CFG_MCLRE$OFF
   421                           __CFG_MCLRE$OFF equ 0x0
   422  0000                     global __CFG_CP$OFF
   423                           __CFG_CP$OFF equ 0x0
   424  0000                     global __CFG_CPD$OFF
   425                           __CFG_CPD$OFF equ 0x0
   426  0000                     global __CFG_BOREN$OFF
   427                           __CFG_BOREN$OFF equ 0x0
   428  0000                     global __CFG_IESO$OFF
   429                           __CFG_IESO$OFF equ 0x0
   430  0000                     global __CFG_FCMEN$OFF
   431                           __CFG_FCMEN$OFF equ 0x0
   432  0000                     global __CFG_LVP$OFF
   433                           __CFG_LVP$OFF equ 0x0
   434  0000                     global __CFG_BOR4V$BOR40V
   435                           __CFG_BOR4V$BOR40V equ 0x0
   436  0000                     global __CFG_WRT$OFF
   437                           __CFG_WRT$OFF equ 0x0
   438  0000                     	file	"C:\Users\20185147\AppData\Local\Temp\s378."
   439                           	line	#
   440                           psect cinit,class=CODE,delta=2
   441                           global start_initialization
   442                           start_initialization:
   443  07FC                     
   444                           global __initialization
   445                           __initialization:
   446  07FC                     psect cinit,class=CODE,delta=2,merge=1
   447                           global end_of_initialization,__end_of__initialization
   448                           
   449                           ;End of C runtime variable initialization code
   450                           
   451                           end_of_initialization:
   452  07FC                     __end_of__initialization:
   453  07FC                     clrf status
   454  07FC  0183               ljmp _main	;jump to C main() function
   455  07FD  120A  118A  2F86   psect	cstackCOMMON,class=COMMON,space=1,noexec
   456                           global __pcstackCOMMON
   457                           __pcstackCOMMON:
   458  0070                     ?_contatores_init:	; 1 bytes @ 0x0
   459  0070                     ??_contatores_init:	; 1 bytes @ 0x0
   460  0070                     ?_k1:	; 1 bytes @ 0x0
   461  0070                     ?_k2:	; 1 bytes @ 0x0
   462  0070                     ?_k3:	; 1 bytes @ 0x0
   463  0070                     ?_botao_init:	; 1 bytes @ 0x0
   464  0070                     ??_botao_init:	; 1 bytes @ 0x0
   465  0070                     ?_delay:	; 1 bytes @ 0x0
   466  0070                     ?_main:	; 1 bytes @ 0x0
   467  0070                     	global	?_s1
   468                           ?_s1:	; 2 bytes @ 0x0
   469  0070                     	global	?_s0
   470                           ?_s0:	; 2 bytes @ 0x0
   471  0070                     	global	?_lerk1
   472                           ?_lerk1:	; 2 bytes @ 0x0
   473  0070                     	global	k1@estado
   474                           k1@estado:	; 2 bytes @ 0x0
   475  0070                     	global	k2@estado
   476                           k2@estado:	; 2 bytes @ 0x0
   477  0070                     	global	k3@estado
   478                           k3@estado:	; 2 bytes @ 0x0
   479  0070                     	global	delay@t
   480                           delay@t:	; 2 bytes @ 0x0
   481  0070                     	ds	2
   482  0070                     ??_k1:	; 1 bytes @ 0x2
   483  0072                     ??_k2:	; 1 bytes @ 0x2
   484  0072                     ??_k3:	; 1 bytes @ 0x2
   485  0072                     ??_delay:	; 1 bytes @ 0x2
   486  0072                     ??_s1:	; 1 bytes @ 0x2
   487  0072                     ??_s0:	; 1 bytes @ 0x2
   488  0072                     ??_lerk1:	; 1 bytes @ 0x2
   489  0072                     	ds	2
   490  0072                     ??_main:	; 1 bytes @ 0x4
   491  0074                     ;!
   492                           ;!Data Sizes:
   493                           ;!    Strings     0
   494                           ;!    Constant    0
   495                           ;!    Data        0
   496                           ;!    BSS         0
   497                           ;!    Persistent  0
   498                           ;!    Stack       0
   499                           ;!
   500                           ;!Auto Spaces:
   501                           ;!    Space          Size  Autos    Used
   502                           ;!    COMMON           14      4       4
   503                           ;!    BANK0            80      0       0
   504                           ;!    BANK1            80      0       0
   505                           ;!    BANK3            96      0       0
   506                           ;!    BANK2            96      0       0
   507                           
   508                           ;!
   509                           ;!Pointer List with Targets:
   510                           ;!
   511                           ;!    None.
   512                           
   513                           
   514                           ;!
   515                           ;!Critical Paths under _main in COMMON
   516                           ;!
   517                           ;!    _main->_lerk1
   518                           ;!    _main->_s0
   519                           ;!    _main->_s1
   520                           ;!
   521                           ;!Critical Paths under _main in BANK0
   522                           ;!
   523                           ;!    None.
   524                           ;!
   525                           ;!Critical Paths under _main in BANK1
   526                           ;!
   527                           ;!    None.
   528                           ;!
   529                           ;!Critical Paths under _main in BANK3
   530                           ;!
   531                           ;!    None.
   532                           ;!
   533                           ;!Critical Paths under _main in BANK2
   534                           ;!
   535                           ;!    None.
   536                           
   537 ;;
   538 ;;Main: autosize = 0, tempsize = 0, incstack = 0, save=0
   539 ;;
   540                           
   541                           ;!
   542                           ;!Call Graph Tables:
   543                           ;!
   544                           ;! ---------------------------------------------------------------------------------
   545                           ;! (Depth) Function   	        Calls       Base Space   Used Autos Params    Refs
   546                           ;! ---------------------------------------------------------------------------------
   547                           ;! (0) _main                                                 0     0      0     697
   548                           ;!                         _botao_init
   549                           ;!                    _contatores_init
   550                           ;!                              _delay
   551                           ;!                                 _k1
   552                           ;!                                 _k2
   553                           ;!                                 _k3
   554                           ;!                              _lerk1
   555                           ;!                                 _s0
   556                           ;!                                 _s1
   557                           ;! ---------------------------------------------------------------------------------
   558                           ;! (1) _s1                                                   4     2      2       0
   559                           ;!                                              0 COMMON     4     2      2
   560                           ;! ---------------------------------------------------------------------------------
   561                           ;! (1) _s0                                                   4     2      2       0
   562                           ;!                                              0 COMMON     4     2      2
   563                           ;! ---------------------------------------------------------------------------------
   564                           ;! (1) _lerk1                                                4     2      2       0
   565                           ;!                                              0 COMMON     4     2      2
   566                           ;! ---------------------------------------------------------------------------------
   567                           ;! (1) _k3                                                   2     0      2     174
   568                           ;!                                              0 COMMON     2     0      2
   569                           ;! ---------------------------------------------------------------------------------
   570                           ;! (1) _k2                                                   2     0      2     250
   571                           ;!                                              0 COMMON     2     0      2
   572                           ;! ---------------------------------------------------------------------------------
   573                           ;! (1) _k1                                                   2     0      2     174
   574                           ;!                                              0 COMMON     2     0      2
   575                           ;! ---------------------------------------------------------------------------------
   576                           ;! (1) _delay                                                3     1      2      99
   577                           ;!                                              0 COMMON     3     1      2
   578                           ;! ---------------------------------------------------------------------------------
   579                           ;! (1) _contatores_init                                      0     0      0       0
   580                           ;! ---------------------------------------------------------------------------------
   581                           ;! (1) _botao_init                                           0     0      0       0
   582                           ;! ---------------------------------------------------------------------------------
   583                           ;! Estimated maximum stack depth 1
   584                           ;! ---------------------------------------------------------------------------------
   585                           ;!
   586                           ;! Call Graph Graphs:
   587                           ;!
   588                           ;! _main (ROOT)
   589                           ;!   _botao_init
   590                           ;!   _contatores_init
   591                           ;!   _delay
   592                           ;!   _k1
   593                           ;!   _k2
   594                           ;!   _k3
   595                           ;!   _lerk1
   596                           ;!   _s0
   597                           ;!   _s1
   598                           ;!
   599                           
   600                           ;! Address spaces:
   601                           
   602                           ;!Name               Size   Autos  Total    Cost      Usage
   603                           ;!BITCOMMON            E      0       0       0        0.0%
   604                           ;!EEDATA             100      0       0       0        0.0%
   605                           ;!NULL                 0      0       0       0        0.0%
   606                           ;!CODE                 0      0       0       0        0.0%
   607                           ;!COMMON               E      4       4       1       28.6%
   608                           ;!BITSFR0              0      0       0       1        0.0%
   609                           ;!SFR0                 0      0       0       1        0.0%
   610                           ;!BITSFR1              0      0       0       2        0.0%
   611                           ;!SFR1                 0      0       0       2        0.0%
   612                           ;!STACK                0      0       0       2        0.0%
   613                           ;!ABS                  0      0       0       3        0.0%
   614                           ;!BITBANK0            50      0       0       4        0.0%
   615                           ;!BITSFR3              0      0       0       4        0.0%
   616                           ;!SFR3                 0      0       0       4        0.0%
   617                           ;!BANK0               50      0       0       5        0.0%
   618                           ;!BITSFR2              0      0       0       5        0.0%
   619                           ;!SFR2                 0      0       0       5        0.0%
   620                           ;!BITBANK1            50      0       0       6        0.0%
   621                           ;!BANK1               50      0       0       7        0.0%
   622                           ;!BITBANK3            60      0       0       8        0.0%
   623                           ;!BANK3               60      0       0       9        0.0%
   624                           ;!BITBANK2            60      0       0      10        0.0%
   625                           ;!BANK2               60      0       0      11        0.0%
   626                           ;!DATA                 0      0       0      12        0.0%
   627                           
   628                           	global	_main
   629                           
   630 ;; *************** function _main *****************
   631 ;; Defined at:
   632 ;;		line 66 in file "main.c"
   633 ;; Parameters:    Size  Location     Type
   634 ;;		None
   635 ;; Auto vars:     Size  Location     Type
   636 ;;		None
   637 ;; Return value:  Size  Location     Type
   638 ;;                  1    wreg      void 
   639 ;; Registers used:
   640 ;;		wreg, status,2, status,0, pclath, cstack
   641 ;; Tracked objects:
   642 ;;		On entry : B00/0
   643 ;;		On exit  : 0/0
   644 ;;		Unchanged: 0/0
   645 ;; Data sizes:     COMMON   BANK0   BANK1   BANK3   BANK2
   646 ;;      Params:         0       0       0       0       0
   647 ;;      Locals:         0       0       0       0       0
   648 ;;      Temps:          0       0       0       0       0
   649 ;;      Totals:         0       0       0       0       0
   650 ;;Total ram usage:        0 bytes
   651 ;; Hardware stack levels required when called:    1
   652 ;; This function calls:
   653 ;;		_botao_init
   654 ;;		_contatores_init
   655 ;;		_delay
   656 ;;		_k1
   657 ;;		_k2
   658 ;;		_k3
   659 ;;		_lerk1
   660 ;;		_s0
   661 ;;		_s1
   662 ;; This function is called by:
   663 ;;		Startup code after reset
   664 ;; This function uses a non-reentrant model
   665 ;;
   666                           psect	maintext,global,class=CODE,delta=2,split=1,group=0
   667                           	file	"main.c"
   668                           	line	66
   669                           global __pmaintext
   670                           __pmaintext:	;psect for function _main
   671  0786                     psect	maintext
   672                           	file	"main.c"
   673                           	line	66
   674                           	global	__size_of_main
   675                           	__size_of_main	equ	__end_of_main-_main
   676  0076                     	
   677                           _main:	
   678  0786                     ;incstack = 0
   679                           	opt	stack 7
   680                           ; Regs used in _main: [wreg+status,2+status,0+pclath+cstack]
   681                           	line	68
   682                           	
   683                           l681:	
   684  0786                     ;main.c: 68:     contatores_init();
   685                           	fcall	_contatores_init
   686  0786  120A  118A  273F  120A  118A  	line	69
   687                           ;main.c: 69:     botao_init();
   688                           	fcall	_botao_init
   689  078B  120A  118A  2722  120A  118A  	goto	l683
   690  0790  2F91               	line	71
   691                           ;main.c: 71:     while ( 1 )
   692                           	
   693                           l41:	
   694  0791                     	line	73
   695                           	
   696                           l683:	
   697  0791                     ;main.c: 72:     {;main.c: 73:         if ( s1() == 1 && lerk1() == 0 )
   698                           	fcall	_s1
   699  0791  120A  118A  2756  120A  118A  		decf	((0+(?_s1))),w
   700  0796  0370               iorwf	((1+(?_s1))),w
   701  0797  0471               	btfss	status,2
   702  0798  1D03               	goto	u61
   703  0799  2F9B               	goto	u60
   704  079A  2F9C               u61:
   705  079B                     	goto	l42
   706  079B  2FD3               u60:
   707  079C                     	
   708                           l685:	
   709  079C                     	fcall	_lerk1
   710  079C  120A  118A  2762  120A  118A  	movf	((0+(?_lerk1))),w
   711  07A1  0870               iorwf	((1+(?_lerk1))),w
   712  07A2  0471               	btfss	status,2
   713  07A3  1D03               	goto	u71
   714  07A4  2FA6               	goto	u70
   715  07A5  2FA7               u71:
   716  07A6                     	goto	l42
   717  07A6  2FD3               u70:
   718  07A7                     	line	75
   719                           	
   720                           l687:	
   721  07A7                     ;main.c: 74:         {;main.c: 75:             k1( 1 );
   722                           	movlw	01h
   723  07A7  3001               	movwf	(k1@estado)
   724  07A8  00F0               	movlw	0
   725  07A9  3000               	movwf	((k1@estado))+1
   726  07AA  00F1               	fcall	_k1
   727  07AB  120A  118A  2727  120A  118A  	line	76
   728                           ;main.c: 76:             k2( 1 );
   729                           	movlw	01h
   730  07B0  3001               	movwf	(k2@estado)
   731  07B1  00F0               	movlw	0
   732  07B2  3000               	movwf	((k2@estado))+1
   733  07B3  00F1               	fcall	_k2
   734  07B4  120A  118A  272F  120A  118A  	line	77
   735                           ;main.c: 77:             delay(1000);
   736                           	movlw	0E8h
   737  07B9  30E8               	movwf	(delay@t)
   738  07BA  00F0               	movlw	03h
   739  07BB  3003               	movwf	((delay@t))+1
   740  07BC  00F1               	fcall	_delay
   741  07BD  120A  118A  276F  120A  118A  	line	78
   742                           ;main.c: 78:             k2( 0 );
   743                           	movlw	0
   744  07C2  3000               	movwf	(k2@estado)
   745  07C3  00F0               	movwf	(k2@estado+1)
   746  07C4  00F1               	fcall	_k2
   747  07C5  120A  118A  272F  120A  118A  	line	79
   748                           ;main.c: 79:             k3( 1 );
   749                           	movlw	01h
   750  07CA  3001               	movwf	(k3@estado)
   751  07CB  00F0               	movlw	0
   752  07CC  3000               	movwf	((k3@estado))+1
   753  07CD  00F1               	fcall	_k3
   754  07CE  120A  118A  2737  120A  118A  	line	80
   755                           ;main.c: 80:         }
   756                           	
   757                           l42:	
   758  07D3                     	line	81
   759                           ;main.c: 81:         if (s0() == 1 )
   760                           	fcall	_s0
   761  07D3  120A  118A  274A  120A  118A  		decf	((0+(?_s0))),w
   762  07D8  0370               iorwf	((1+(?_s0))),w
   763  07D9  0471               	btfss	status,2
   764  07DA  1D03               	goto	u81
   765  07DB  2FDD               	goto	u80
   766  07DC  2FDE               u81:
   767  07DD                     	goto	l683
   768  07DD  2F91               u80:
   769  07DE                     	line	83
   770                           	
   771                           l689:	
   772  07DE                     ;main.c: 82:         {;main.c: 83:             k1 ( 0 );
   773                           	movlw	0
   774  07DE  3000               	movwf	(k1@estado)
   775  07DF  00F0               	movwf	(k1@estado+1)
   776  07E0  00F1               	fcall	_k1
   777  07E1  120A  118A  2727  120A  118A  	line	84
   778                           ;main.c: 84:             k2 ( 0 );
   779                           	movlw	0
   780  07E6  3000               	movwf	(k2@estado)
   781  07E7  00F0               	movwf	(k2@estado+1)
   782  07E8  00F1               	fcall	_k2
   783  07E9  120A  118A  272F  120A  118A  	line	85
   784                           ;main.c: 85:             k3 ( 0 );
   785                           	movlw	0
   786  07EE  3000               	movwf	(k3@estado)
   787  07EF  00F0               	movwf	(k3@estado+1)
   788  07F0  00F1               	fcall	_k3
   789  07F1  120A  118A  2737  120A  118A  	goto	l683
   790  07F6  2F91               	line	86
   791                           ;main.c: 86:         }
   792                           	
   793                           l43:	
   794  07F7                     	goto	l683
   795  07F7  2F91               	line	87
   796                           ;main.c: 87:     }
   797                           	
   798                           l44:	
   799  07F8                     	goto	l683
   800  07F8  2F91               	
   801                           l45:	
   802  07F9                     	line	88
   803                           	
   804                           l46:	
   805  07F9                     	global	start
   806                           	ljmp	start
   807  07F9  120A  118A  2800   	opt stack 0
   808                           GLOBAL	__end_of_main
   809                           	__end_of_main:
   810  07FC                     	signat	_main,89
   811                           	global	_s1
   812                           
   813 ;; *************** function _s1 *****************
   814 ;; Defined at:
   815 ;;		line 51 in file "main.c"
   816 ;; Parameters:    Size  Location     Type
   817 ;;		None
   818 ;; Auto vars:     Size  Location     Type
   819 ;;		None
   820 ;; Return value:  Size  Location     Type
   821 ;;                  2    0[COMMON] int 
   822 ;; Registers used:
   823 ;;		wreg, status,2, status,0
   824 ;; Tracked objects:
   825 ;;		On entry : 0/0
   826 ;;		On exit  : 0/0
   827 ;;		Unchanged: 0/0
   828 ;; Data sizes:     COMMON   BANK0   BANK1   BANK3   BANK2
   829 ;;      Params:         2       0       0       0       0
   830 ;;      Locals:         0       0       0       0       0
   831 ;;      Temps:          2       0       0       0       0
   832 ;;      Totals:         4       0       0       0       0
   833 ;;Total ram usage:        4 bytes
   834 ;; Hardware stack levels used:    1
   835 ;; This function calls:
   836 ;;		Nothing
   837 ;; This function is called by:
   838 ;;		_main
   839 ;; This function uses a non-reentrant model
   840 ;;
   841                           psect	text1,local,class=CODE,delta=2,merge=1,group=0
   842                           	line	51
   843                           global __ptext1
   844                           __ptext1:	;psect for function _s1
   845  0756                     psect	text1
   846                           	file	"main.c"
   847                           	line	51
   848                           	global	__size_of_s1
   849                           	__size_of_s1	equ	__end_of_s1-_s1
   850  000C                     	
   851                           _s1:	
   852  0756                     ;incstack = 0
   853                           	opt	stack 7
   854                           ; Regs used in _s1: [wreg+status,2+status,0]
   855                           	line	53
   856                           	
   857                           l669:	
   858  0756                     ;main.c: 53:     return (PORTDbits.RD1);
   859                           	bcf	status, 5	;RP0=0, select bank0
   860  0756  1283               	bcf	status, 6	;RP1=0, select bank0
   861  0757  1303               	rrf	(8),w	;volatile
   862  0758  0C08               	andlw	(1<<1)-1
   863  0759  3901               	movwf	(??_s1+0)+0
   864  075A  00F2               	clrf	(??_s1+0)+0+1
   865  075B  01F3               	movf	0+(??_s1+0)+0,w
   866  075C  0872               	movwf	(?_s1)
   867  075D  00F0               	movf	1+(??_s1+0)+0,w
   868  075E  0873               	movwf	(?_s1+1)
   869  075F  00F1               	goto	l30
   870  0760  2F61               	
   871                           l671:	
   872  0761                     	line	54
   873                           	
   874                           l30:	
   875  0761                     	return
   876  0761  0008               	opt stack 0
   877                           GLOBAL	__end_of_s1
   878                           	__end_of_s1:
   879  0762                     	signat	_s1,90
   880                           	global	_s0
   881                           
   882 ;; *************** function _s0 *****************
   883 ;; Defined at:
   884 ;;		line 56 in file "main.c"
   885 ;; Parameters:    Size  Location     Type
   886 ;;		None
   887 ;; Auto vars:     Size  Location     Type
   888 ;;		None
   889 ;; Return value:  Size  Location     Type
   890 ;;                  2    0[COMMON] int 
   891 ;; Registers used:
   892 ;;		wreg, status,2, status,0
   893 ;; Tracked objects:
   894 ;;		On entry : 0/0
   895 ;;		On exit  : 0/0
   896 ;;		Unchanged: 0/0
   897 ;; Data sizes:     COMMON   BANK0   BANK1   BANK3   BANK2
   898 ;;      Params:         2       0       0       0       0
   899 ;;      Locals:         0       0       0       0       0
   900 ;;      Temps:          2       0       0       0       0
   901 ;;      Totals:         4       0       0       0       0
   902 ;;Total ram usage:        4 bytes
   903 ;; Hardware stack levels used:    1
   904 ;; This function calls:
   905 ;;		Nothing
   906 ;; This function is called by:
   907 ;;		_main
   908 ;; This function uses a non-reentrant model
   909 ;;
   910                           psect	text2,local,class=CODE,delta=2,merge=1,group=0
   911                           	line	56
   912                           global __ptext2
   913                           __ptext2:	;psect for function _s0
   914  074A                     psect	text2
   915                           	file	"main.c"
   916                           	line	56
   917                           	global	__size_of_s0
   918                           	__size_of_s0	equ	__end_of_s0-_s0
   919  000C                     	
   920                           _s0:	
   921  074A                     ;incstack = 0
   922                           	opt	stack 7
   923                           ; Regs used in _s0: [wreg+status,2+status,0]
   924                           	line	58
   925                           	
   926                           l673:	
   927  074A                     ;main.c: 58:     return (PORTDbits.RD0);
   928                           	bcf	status, 5	;RP0=0, select bank0
   929  074A  1283               	bcf	status, 6	;RP1=0, select bank0
   930  074B  1303               	movf	(8),w	;volatile
   931  074C  0808               	andlw	(1<<1)-1
   932  074D  3901               	movwf	(??_s0+0)+0
   933  074E  00F2               	clrf	(??_s0+0)+0+1
   934  074F  01F3               	movf	0+(??_s0+0)+0,w
   935  0750  0872               	movwf	(?_s0)
   936  0751  00F0               	movf	1+(??_s0+0)+0,w
   937  0752  0873               	movwf	(?_s0+1)
   938  0753  00F1               	goto	l33
   939  0754  2F55               	
   940                           l675:	
   941  0755                     	line	59
   942                           	
   943                           l33:	
   944  0755                     	return
   945  0755  0008               	opt stack 0
   946                           GLOBAL	__end_of_s0
   947                           	__end_of_s0:
   948  0756                     	signat	_s0,90
   949                           	global	_lerk1
   950                           
   951 ;; *************** function _lerk1 *****************
   952 ;; Defined at:
   953 ;;		line 61 in file "main.c"
   954 ;; Parameters:    Size  Location     Type
   955 ;;		None
   956 ;; Auto vars:     Size  Location     Type
   957 ;;		None
   958 ;; Return value:  Size  Location     Type
   959 ;;                  2    0[COMMON] int 
   960 ;; Registers used:
   961 ;;		wreg, status,2, status,0
   962 ;; Tracked objects:
   963 ;;		On entry : 0/0
   964 ;;		On exit  : 0/0
   965 ;;		Unchanged: 0/0
   966 ;; Data sizes:     COMMON   BANK0   BANK1   BANK3   BANK2
   967 ;;      Params:         2       0       0       0       0
   968 ;;      Locals:         0       0       0       0       0
   969 ;;      Temps:          2       0       0       0       0
   970 ;;      Totals:         4       0       0       0       0
   971 ;;Total ram usage:        4 bytes
   972 ;; Hardware stack levels used:    1
   973 ;; This function calls:
   974 ;;		Nothing
   975 ;; This function is called by:
   976 ;;		_main
   977 ;; This function uses a non-reentrant model
   978 ;;
   979                           psect	text3,local,class=CODE,delta=2,merge=1,group=0
   980                           	line	61
   981                           global __ptext3
   982                           __ptext3:	;psect for function _lerk1
   983  0762                     psect	text3
   984                           	file	"main.c"
   985                           	line	61
   986                           	global	__size_of_lerk1
   987                           	__size_of_lerk1	equ	__end_of_lerk1-_lerk1
   988  000D                     	
   989                           _lerk1:	
   990  0762                     ;incstack = 0
   991                           	opt	stack 7
   992                           ; Regs used in _lerk1: [wreg+status,2+status,0]
   993                           	line	63
   994                           	
   995                           l677:	
   996  0762                     ;main.c: 63:     return (PORTDbits.RD7);
   997                           	bcf	status, 5	;RP0=0, select bank0
   998  0762  1283               	bcf	status, 6	;RP1=0, select bank0
   999  0763  1303               	rlf	(8),w	;volatile
  1000  0764  0D08               	rlf	(8),w	;volatile
  1001  0765  0D08               	andlw	1
  1002  0766  3901               	movwf	(??_lerk1+0)+0
  1003  0767  00F2               	clrf	(??_lerk1+0)+0+1
  1004  0768  01F3               	movf	0+(??_lerk1+0)+0,w
  1005  0769  0872               	movwf	(?_lerk1)
  1006  076A  00F0               	movf	1+(??_lerk1+0)+0,w
  1007  076B  0873               	movwf	(?_lerk1+1)
  1008  076C  00F1               	goto	l36
  1009  076D  2F6E               	
  1010                           l679:	
  1011  076E                     	line	64
  1012                           	
  1013                           l36:	
  1014  076E                     	return
  1015  076E  0008               	opt stack 0
  1016                           GLOBAL	__end_of_lerk1
  1017                           	__end_of_lerk1:
  1018  076F                     	signat	_lerk1,90
  1019                           	global	_k3
  1020                           
  1021 ;; *************** function _k3 *****************
  1022 ;; Defined at:
  1023 ;;		line 32 in file "main.c"
  1024 ;; Parameters:    Size  Location     Type
  1025 ;;  estado          2    0[COMMON] int 
  1026 ;; Auto vars:     Size  Location     Type
  1027 ;;		None
  1028 ;; Return value:  Size  Location     Type
  1029 ;;                  1    wreg      void 
  1030 ;; Registers used:
  1031 ;;		wreg, status,0
  1032 ;; Tracked objects:
  1033 ;;		On entry : 0/0
  1034 ;;		On exit  : 0/0
  1035 ;;		Unchanged: 0/0
  1036 ;; Data sizes:     COMMON   BANK0   BANK1   BANK3   BANK2
  1037 ;;      Params:         2       0       0       0       0
  1038 ;;      Locals:         0       0       0       0       0
  1039 ;;      Temps:          0       0       0       0       0
  1040 ;;      Totals:         2       0       0       0       0
  1041 ;;Total ram usage:        2 bytes
  1042 ;; Hardware stack levels used:    1
  1043 ;; This function calls:
  1044 ;;		Nothing
  1045 ;; This function is called by:
  1046 ;;		_main
  1047 ;; This function uses a non-reentrant model
  1048 ;;
  1049                           psect	text4,local,class=CODE,delta=2,merge=1,group=0
  1050                           	line	32
  1051                           global __ptext4
  1052                           __ptext4:	;psect for function _k3
  1053  0737                     psect	text4
  1054                           	file	"main.c"
  1055                           	line	32
  1056                           	global	__size_of_k3
  1057                           	__size_of_k3	equ	__end_of_k3-_k3
  1058  0008                     	
  1059                           _k3:	
  1060  0737                     ;incstack = 0
  1061                           	opt	stack 7
  1062                           ; Regs used in _k3: [wreg+status,0]
  1063                           	line	34
  1064                           	
  1065                           l661:	
  1066  0737                     ;main.c: 32: void k3 (int estado);main.c: 33: {;main.c: 34:    PORTDbits.RD5 = estado;
  1067                           	rrf	(k3@estado),w
  1068  0737  0C70               	bcf	status, 5	;RP0=0, select bank0
  1069  0738  1283               	bcf	status, 6	;RP1=0, select bank0
  1070  0739  1303               	skipc
  1071  073A  1C03               	bcf	(8),5	;volatile
  1072  073B  1288               	skipnc
  1073  073C  1803               	bsf	(8),5	;volatile
  1074  073D  1688               	line	35
  1075                           	
  1076                           l18:	
  1077  073E                     	return
  1078  073E  0008               	opt stack 0
  1079                           GLOBAL	__end_of_k3
  1080                           	__end_of_k3:
  1081  073F                     	signat	_k3,4217
  1082                           	global	_k2
  1083                           
  1084 ;; *************** function _k2 *****************
  1085 ;; Defined at:
  1086 ;;		line 27 in file "main.c"
  1087 ;; Parameters:    Size  Location     Type
  1088 ;;  estado          2    0[COMMON] int 
  1089 ;; Auto vars:     Size  Location     Type
  1090 ;;		None
  1091 ;; Return value:  Size  Location     Type
  1092 ;;                  1    wreg      void 
  1093 ;; Registers used:
  1094 ;;		wreg, status,0
  1095 ;; Tracked objects:
  1096 ;;		On entry : 0/0
  1097 ;;		On exit  : 0/0
  1098 ;;		Unchanged: 0/0
  1099 ;; Data sizes:     COMMON   BANK0   BANK1   BANK3   BANK2
  1100 ;;      Params:         2       0       0       0       0
  1101 ;;      Locals:         0       0       0       0       0
  1102 ;;      Temps:          0       0       0       0       0
  1103 ;;      Totals:         2       0       0       0       0
  1104 ;;Total ram usage:        2 bytes
  1105 ;; Hardware stack levels used:    1
  1106 ;; This function calls:
  1107 ;;		Nothing
  1108 ;; This function is called by:
  1109 ;;		_main
  1110 ;; This function uses a non-reentrant model
  1111 ;;
  1112                           psect	text5,local,class=CODE,delta=2,merge=1,group=0
  1113                           	line	27
  1114                           global __ptext5
  1115                           __ptext5:	;psect for function _k2
  1116  072F                     psect	text5
  1117                           	file	"main.c"
  1118                           	line	27
  1119                           	global	__size_of_k2
  1120                           	__size_of_k2	equ	__end_of_k2-_k2
  1121  0008                     	
  1122                           _k2:	
  1123  072F                     ;incstack = 0
  1124                           	opt	stack 7
  1125                           ; Regs used in _k2: [wreg+status,0]
  1126                           	line	29
  1127                           	
  1128                           l659:	
  1129  072F                     ;main.c: 27: void k2 (int estado);main.c: 28: {;main.c: 29:   PORTDbits.RD6 = estado;
  1130                           	rrf	(k2@estado),w
  1131  072F  0C70               	bcf	status, 5	;RP0=0, select bank0
  1132  0730  1283               	bcf	status, 6	;RP1=0, select bank0
  1133  0731  1303               	skipc
  1134  0732  1C03               	bcf	(8),6	;volatile
  1135  0733  1308               	skipnc
  1136  0734  1803               	bsf	(8),6	;volatile
  1137  0735  1708               	line	30
  1138                           	
  1139                           l15:	
  1140  0736                     	return
  1141  0736  0008               	opt stack 0
  1142                           GLOBAL	__end_of_k2
  1143                           	__end_of_k2:
  1144  0737                     	signat	_k2,4217
  1145                           	global	_k1
  1146                           
  1147 ;; *************** function _k1 *****************
  1148 ;; Defined at:
  1149 ;;		line 22 in file "main.c"
  1150 ;; Parameters:    Size  Location     Type
  1151 ;;  estado          2    0[COMMON] int 
  1152 ;; Auto vars:     Size  Location     Type
  1153 ;;		None
  1154 ;; Return value:  Size  Location     Type
  1155 ;;                  1    wreg      void 
  1156 ;; Registers used:
  1157 ;;		wreg, status,0
  1158 ;; Tracked objects:
  1159 ;;		On entry : 0/0
  1160 ;;		On exit  : 0/0
  1161 ;;		Unchanged: 0/0
  1162 ;; Data sizes:     COMMON   BANK0   BANK1   BANK3   BANK2
  1163 ;;      Params:         2       0       0       0       0
  1164 ;;      Locals:         0       0       0       0       0
  1165 ;;      Temps:          0       0       0       0       0
  1166 ;;      Totals:         2       0       0       0       0
  1167 ;;Total ram usage:        2 bytes
  1168 ;; Hardware stack levels used:    1
  1169 ;; This function calls:
  1170 ;;		Nothing
  1171 ;; This function is called by:
  1172 ;;		_main
  1173 ;; This function uses a non-reentrant model
  1174 ;;
  1175                           psect	text6,local,class=CODE,delta=2,merge=1,group=0
  1176                           	line	22
  1177                           global __ptext6
  1178                           __ptext6:	;psect for function _k1
  1179  0727                     psect	text6
  1180                           	file	"main.c"
  1181                           	line	22
  1182                           	global	__size_of_k1
  1183                           	__size_of_k1	equ	__end_of_k1-_k1
  1184  0008                     	
  1185                           _k1:	
  1186  0727                     ;incstack = 0
  1187                           	opt	stack 7
  1188                           ; Regs used in _k1: [wreg+status,0]
  1189                           	line	24
  1190                           	
  1191                           l657:	
  1192  0727                     ;main.c: 22: void k1 (int estado);main.c: 23: {;main.c: 24:   PORTDbits.RD7 = estado;
  1193                           	rrf	(k1@estado),w
  1194  0727  0C70               	bcf	status, 5	;RP0=0, select bank0
  1195  0728  1283               	bcf	status, 6	;RP1=0, select bank0
  1196  0729  1303               	skipc
  1197  072A  1C03               	bcf	(8),7	;volatile
  1198  072B  1388               	skipnc
  1199  072C  1803               	bsf	(8),7	;volatile
  1200  072D  1788               	line	25
  1201                           	
  1202                           l12:	
  1203  072E                     	return
  1204  072E  0008               	opt stack 0
  1205                           GLOBAL	__end_of_k1
  1206                           	__end_of_k1:
  1207  072F                     	signat	_k1,4217
  1208                           	global	_delay
  1209                           
  1210 ;; *************** function _delay *****************
  1211 ;; Defined at:
  1212 ;;		line 43 in file "main.c"
  1213 ;; Parameters:    Size  Location     Type
  1214 ;;  t               2    0[COMMON] int 
  1215 ;; Auto vars:     Size  Location     Type
  1216 ;;		None
  1217 ;; Return value:  Size  Location     Type
  1218 ;;                  1    wreg      void 
  1219 ;; Registers used:
  1220 ;;		wreg, status,2, status,0
  1221 ;; Tracked objects:
  1222 ;;		On entry : 0/0
  1223 ;;		On exit  : 0/0
  1224 ;;		Unchanged: 0/0
  1225 ;; Data sizes:     COMMON   BANK0   BANK1   BANK3   BANK2
  1226 ;;      Params:         2       0       0       0       0
  1227 ;;      Locals:         0       0       0       0       0
  1228 ;;      Temps:          1       0       0       0       0
  1229 ;;      Totals:         3       0       0       0       0
  1230 ;;Total ram usage:        3 bytes
  1231 ;; Hardware stack levels used:    1
  1232 ;; This function calls:
  1233 ;;		Nothing
  1234 ;; This function is called by:
  1235 ;;		_main
  1236 ;; This function uses a non-reentrant model
  1237 ;;
  1238                           psect	text7,local,class=CODE,delta=2,merge=1,group=0
  1239                           	line	43
  1240                           global __ptext7
  1241                           __ptext7:	;psect for function _delay
  1242  076F                     psect	text7
  1243                           	file	"main.c"
  1244                           	line	43
  1245                           	global	__size_of_delay
  1246                           	__size_of_delay	equ	__end_of_delay-_delay
  1247  0017                     	
  1248                           _delay:	
  1249  076F                     ;incstack = 0
  1250                           	opt	stack 7
  1251                           ; Regs used in _delay: [wreg+status,2+status,0]
  1252                           	line	45
  1253                           	
  1254                           l663:	
  1255  076F                     ;main.c: 43: void delay( int t );main.c: 44: {;main.c: 45:     while( t )
  1256                           	goto	l667
  1257  076F  2F7E               	
  1258                           l25:	
  1259  0770                     	line	47
  1260                           	
  1261                           l665:	
  1262  0770                     ;main.c: 46:     {;main.c: 47:         --t;
  1263                           	movlw	0FFh
  1264  0770  30FF               	addwf	(delay@t),f
  1265  0771  07F0               	skipnc
  1266  0772  1803               	incf	(delay@t+1),f
  1267  0773  0AF1               	movlw	0FFh
  1268  0774  30FF               	addwf	(delay@t+1),f
  1269  0775  07F1               	line	48
  1270                           ;main.c: 48:         _delay((unsigned long)((1)*(4000000/4000.0)));
  1271                           	opt asmopt_push
  1272                           opt asmopt_off
  1273                           	movlw	199
  1274  0776  30C7               movwf	((??_delay+0)+0),f
  1275  0777  00F2               	u97:
  1276  0778                     	nop2
  1277  0778  2F79               decfsz	(??_delay+0)+0,f
  1278  0779  0BF2               	goto	u97
  1279  077A  2F78               	nop2
  1280  077B  2F7C               	nop2
  1281  077C  2F7D               opt asmopt_pop
  1282                           
  1283                           	goto	l667
  1284  077D  2F7E               	line	49
  1285                           ;main.c: 49:     }
  1286                           	
  1287                           l24:	
  1288  077E                     	line	45
  1289                           	
  1290                           l667:	
  1291  077E                     ;main.c: 45:     while( t )
  1292                           	movf	((delay@t)),w
  1293  077E  0870               iorwf	((delay@t+1)),w
  1294  077F  0471               	btfss	status,2
  1295  0780  1D03               	goto	u51
  1296  0781  2F83               	goto	u50
  1297  0782  2F84               u51:
  1298  0783                     	goto	l665
  1299  0783  2F70               u50:
  1300  0784                     	goto	l27
  1301  0784  2F85               	
  1302                           l26:	
  1303  0785                     	line	50
  1304                           	
  1305                           l27:	
  1306  0785                     	return
  1307  0785  0008               	opt stack 0
  1308                           GLOBAL	__end_of_delay
  1309                           	__end_of_delay:
  1310  0786                     	signat	_delay,4217
  1311                           	global	_contatores_init
  1312                           
  1313 ;; *************** function _contatores_init *****************
  1314 ;; Defined at:
  1315 ;;		line 12 in file "main.c"
  1316 ;; Parameters:    Size  Location     Type
  1317 ;;		None
  1318 ;; Auto vars:     Size  Location     Type
  1319 ;;		None
  1320 ;; Return value:  Size  Location     Type
  1321 ;;                  1    wreg      void 
  1322 ;; Registers used:
  1323 ;;		None
  1324 ;; Tracked objects:
  1325 ;;		On entry : 0/0
  1326 ;;		On exit  : 0/0
  1327 ;;		Unchanged: 0/0
  1328 ;; Data sizes:     COMMON   BANK0   BANK1   BANK3   BANK2
  1329 ;;      Params:         0       0       0       0       0
  1330 ;;      Locals:         0       0       0       0       0
  1331 ;;      Temps:          0       0       0       0       0
  1332 ;;      Totals:         0       0       0       0       0
  1333 ;;Total ram usage:        0 bytes
  1334 ;; Hardware stack levels used:    1
  1335 ;; This function calls:
  1336 ;;		Nothing
  1337 ;; This function is called by:
  1338 ;;		_main
  1339 ;; This function uses a non-reentrant model
  1340 ;;
  1341                           psect	text8,local,class=CODE,delta=2,merge=1,group=0
  1342                           	line	12
  1343                           global __ptext8
  1344                           __ptext8:	;psect for function _contatores_init
  1345  073F                     psect	text8
  1346                           	file	"main.c"
  1347                           	line	12
  1348                           	global	__size_of_contatores_init
  1349                           	__size_of_contatores_init	equ	__end_of_contatores_init-_contatores_init
  1350  000B                     	
  1351                           _contatores_init:	
  1352  073F                     ;incstack = 0
  1353                           	opt	stack 7
  1354                           ; Regs used in _contatores_init: []
  1355                           	line	14
  1356                           	
  1357                           l619:	
  1358  073F                     ;main.c: 14:     TRISDbits.TRISD5 = 0;
  1359                           	bsf	status, 5	;RP0=1, select bank1
  1360  073F  1683               	bcf	status, 6	;RP1=0, select bank1
  1361  0740  1303               	bcf	(136)^080h,5	;volatile
  1362  0741  1288               	line	15
  1363                           ;main.c: 15:     TRISDbits.TRISD6 = 0;
  1364                           	bcf	(136)^080h,6	;volatile
  1365  0742  1308               	line	16
  1366                           ;main.c: 16:     TRISDbits.TRISD7 = 0;
  1367                           	bcf	(136)^080h,7	;volatile
  1368  0743  1388               	line	18
  1369                           ;main.c: 18:     PORTDbits.RD5 = 0;
  1370                           	bcf	status, 5	;RP0=0, select bank0
  1371  0744  1283               	bcf	status, 6	;RP1=0, select bank0
  1372  0745  1303               	bcf	(8),5	;volatile
  1373  0746  1288               	line	19
  1374                           ;main.c: 19:     PORTDbits.RD6 = 0;
  1375                           	bcf	(8),6	;volatile
  1376  0747  1308               	line	20
  1377                           ;main.c: 20:     PORTDbits.RD7 = 0;
  1378                           	bcf	(8),7	;volatile
  1379  0748  1388               	line	21
  1380                           	
  1381                           l9:	
  1382  0749                     	return
  1383  0749  0008               	opt stack 0
  1384                           GLOBAL	__end_of_contatores_init
  1385                           	__end_of_contatores_init:
  1386  074A                     	signat	_contatores_init,89
  1387                           	global	_botao_init
  1388                           
  1389 ;; *************** function _botao_init *****************
  1390 ;; Defined at:
  1391 ;;		line 36 in file "main.c"
  1392 ;; Parameters:    Size  Location     Type
  1393 ;;		None
  1394 ;; Auto vars:     Size  Location     Type
  1395 ;;		None
  1396 ;; Return value:  Size  Location     Type
  1397 ;;                  1    wreg      void 
  1398 ;; Registers used:
  1399 ;;		None
  1400 ;; Tracked objects:
  1401 ;;		On entry : 0/0
  1402 ;;		On exit  : 0/0
  1403 ;;		Unchanged: 0/0
  1404 ;; Data sizes:     COMMON   BANK0   BANK1   BANK3   BANK2
  1405 ;;      Params:         0       0       0       0       0
  1406 ;;      Locals:         0       0       0       0       0
  1407 ;;      Temps:          0       0       0       0       0
  1408 ;;      Totals:         0       0       0       0       0
  1409 ;;Total ram usage:        0 bytes
  1410 ;; Hardware stack levels used:    1
  1411 ;; This function calls:
  1412 ;;		Nothing
  1413 ;; This function is called by:
  1414 ;;		_main
  1415 ;; This function uses a non-reentrant model
  1416 ;;
  1417                           psect	text9,local,class=CODE,delta=2,merge=1,group=0
  1418                           	line	36
  1419                           global __ptext9
  1420                           __ptext9:	;psect for function _botao_init
  1421  0722                     psect	text9
  1422                           	file	"main.c"
  1423                           	line	36
  1424                           	global	__size_of_botao_init
  1425                           	__size_of_botao_init	equ	__end_of_botao_init-_botao_init
  1426  0005                     	
  1427                           _botao_init:	
  1428  0722                     ;incstack = 0
  1429                           	opt	stack 7
  1430                           ; Regs used in _botao_init: []
  1431                           	line	38
  1432                           	
  1433                           l627:	
  1434  0722                     ;main.c: 38:    TRISDbits.TRISD0 = 1;
  1435                           	bsf	status, 5	;RP0=1, select bank1
  1436  0722  1683               	bcf	status, 6	;RP1=0, select bank1
  1437  0723  1303               	bsf	(136)^080h,0	;volatile
  1438  0724  1408               	line	39
  1439                           ;main.c: 39:    TRISDbits.TRISD1 = 1;
  1440                           	bsf	(136)^080h,1	;volatile
  1441  0725  1488               	line	40
  1442                           	
  1443                           l21:	
  1444  0726                     	return
  1445  0726  0008               	opt stack 0
  1446                           GLOBAL	__end_of_botao_init
  1447                           	__end_of_botao_init:
  1448  0727                     	signat	_botao_init,89
  1449                           global	___latbits
  1450                           ___latbits	equ	2
  1451  0002                     	global	btemp
  1452                           	btemp set 07Eh
  1453  007E                     
  1454                           	DABS	1,126,2	;btemp
  1455                           	global	wtemp0
  1456                           	wtemp0 set btemp+0
  1457  007E                     	end


Data Sizes:
    Strings     0
    Constant    0
    Data        0
    BSS         0
    Persistent  0
    Stack       0

Auto Spaces:
    Space          Size  Autos    Used
    COMMON           14      4       4
    BANK0            80      0       0
    BANK1            80      0       0
    BANK3            96      0       0
    BANK2            96      0       0

Pointer List with Targets:

    None.

Critical Paths under _main in COMMON

    _main->_lerk1
    _main->_s0
    _main->_s1

Critical Paths under _main in BANK0

    None.

Critical Paths under _main in BANK1

    None.

Critical Paths under _main in BANK3

    None.

Critical Paths under _main in BANK2

    None.

Call Graph Tables:

 ---------------------------------------------------------------------------------
 (Depth) Function   	        Calls       Base Space   Used Autos Params    Refs
 ---------------------------------------------------------------------------------
 (0) _main                                                 0     0      0     697
                         _botao_init
                    _contatores_init
                              _delay
                                 _k1
                                 _k2
                                 _k3
                              _lerk1
                                 _s0
                                 _s1
 ---------------------------------------------------------------------------------
 (1) _s1                                                   4     2      2       0
                                              0 COMMON     4     2      2
 ---------------------------------------------------------------------------------
 (1) _s0                                                   4     2      2       0
                                              0 COMMON     4     2      2
 ---------------------------------------------------------------------------------
 (1) _lerk1                                                4     2      2       0
                                              0 COMMON     4     2      2
 ---------------------------------------------------------------------------------
 (1) _k3                                                   2     0      2     174
                                              0 COMMON     2     0      2
 ---------------------------------------------------------------------------------
 (1) _k2                                                   2     0      2     250
                                              0 COMMON     2     0      2
 ---------------------------------------------------------------------------------
 (1) _k1                                                   2     0      2     174
                                              0 COMMON     2     0      2
 ---------------------------------------------------------------------------------
 (1) _delay                                                3     1      2      99
                                              0 COMMON     3     1      2
 ---------------------------------------------------------------------------------
 (1) _contatores_init                                      0     0      0       0
 ---------------------------------------------------------------------------------
 (1) _botao_init                                           0     0      0       0
 ---------------------------------------------------------------------------------
 Estimated maximum stack depth 1
 ---------------------------------------------------------------------------------

 Call Graph Graphs:

 _main (ROOT)
   _botao_init
   _contatores_init
   _delay
   _k1
   _k2
   _k3
   _lerk1
   _s0
   _s1

 Address spaces:
Name               Size   Autos  Total    Cost      Usage
BITCOMMON            E      0       0       0        0.0%
EEDATA             100      0       0       0        0.0%
NULL                 0      0       0       0        0.0%
CODE                 0      0       0       0        0.0%
COMMON               E      4       4       1       28.6%
BITSFR0              0      0       0       1        0.0%
SFR0                 0      0       0       1        0.0%
BITSFR1              0      0       0       2        0.0%
SFR1                 0      0       0       2        0.0%
STACK                0      0       0       2        0.0%
ABS                  0      0       0       3        0.0%
BITBANK0            50      0       0       4        0.0%
BITSFR3              0      0       0       4        0.0%
SFR3                 0      0       0       4        0.0%
BANK0               50      0       0       5        0.0%
BITSFR2              0      0       0       5        0.0%
SFR2                 0      0       0       5        0.0%
BITBANK1            50      0       0       6        0.0%
BANK1               50      0       0       7        0.0%
BITBANK3            60      0       0       8        0.0%
BANK3               60      0       0       9        0.0%
BITBANK2            60      0       0      10        0.0%
BANK2               60      0       0      11        0.0%
DATA                 0      0       0      12        0.0%


Microchip Technology PIC Macro Assembler V2.00 build -1524193055 
Symbol Table                                                                                   Thu Feb 18 14:59:58 2021

                       l9 0749               __CFG_CP$OFF 0000                        l12 072E  
                      l21 0726                        l30 0761                        l15 0736  
                      l24 077E                        l25 0770                        l33 0755  
                      l41 0791                        l26 0785                        l18 073E  
                      l42 07D3                        l27 0785                        l43 07F7  
                      l36 076E                        l44 07F8                        l45 07F9  
                      l46 07F9                        u50 0784                        u51 0783  
                      u60 079C                        u61 079B                        u70 07A7  
                      u71 07A6                        u80 07DE                        u81 07DD  
                      u97 0778                        _k1 0727                        _k2 072F  
                      _k3 0737                        _s0 074A                        _s1 0756  
                     ?_k1 0070                       ?_k2 0070                       ?_k3 0070  
                     ?_s0 0070                       ?_s1 0070                       l627 0722  
                     l619 073F                       l661 0737                       l663 076F  
                     l671 0761                       l665 0770                       l657 0727  
                     l673 074A                       l681 0786                       l667 077E  
                     l659 072F                       l675 0755                       l683 0791  
                     l677 0762                       l669 0756                       l685 079C  
                     l679 076E                       l687 07A7                       l689 07DE  
            __CFG_CPD$OFF 0000                      ??_k1 0072                      ??_k2 0072  
                    ??_k3 0072                      ??_s0 0072                      ??_s1 0072  
            __CFG_LVP$OFF 0000              __CFG_WRT$OFF 0000                      _main 0786  
                    btemp 007E                      start 0000             __CFG_IESO$OFF 0000  
                   ?_main 0070             __CFG_WDTE$OFF 0000            __CFG_FCMEN$OFF 0000  
                   _delay 076F                     _lerk1 0762            __CFG_BOREN$OFF 0000  
                   status 0003                     wtemp0 007E            __CFG_MCLRE$OFF 0000  
         __initialization 07FC              __end_of_main 07FC                    ??_main 0074  
                  ?_delay 0070                    ?_lerk1 0070            __CFG_PWRTE$OFF 0000  
                  delay@t 0070           _contatores_init 073F   __end_of__initialization 07FC  
          __pcstackCOMMON 0070             __end_of_delay 0786             __end_of_lerk1 076F  
              __end_of_k1 072F                __end_of_k2 0737                __end_of_k3 073F  
              __end_of_s0 0756                __end_of_s1 0762                   ??_delay 0072  
                 ??_lerk1 0072                __pmaintext 0786   __end_of_contatores_init 074A  
              _botao_init 0722                   __ptext1 0756                   __ptext2 074A  
                 __ptext3 0762                   __ptext4 0737                   __ptext5 072F  
                 __ptext6 0727                   __ptext7 076F                   __ptext8 073F  
                 __ptext9 0722      end_of_initialization 07FC                 _PORTDbits 0008  
        ?_contatores_init 0070                 _TRISDbits 0088               ?_botao_init 0070  
     start_initialization 07FC  __CFG_FOSC$INTRC_NOCLKOUT 0000       __size_of_botao_init 0005  
               ___latbits 0002            __size_of_delay 0017            __size_of_lerk1 000D  
             __size_of_k1 0008               __size_of_k2 0008               __size_of_k3 0008  
             __size_of_s0 000C               __size_of_s1 000C                  k1@estado 0070  
                k2@estado 0070                  k3@estado 0070              ??_botao_init 0070  
      __end_of_botao_init 0727         __CFG_BOR4V$BOR40V 0000  __size_of_contatores_init 000B  
           __size_of_main 0076         ??_contatores_init 0070  
